<?xml version="1.0" encoding="UTF-8"?>
<!-- Generated by org.testng.reporters.JUnitReportReporter -->
<testsuite hostname="ip-172-31-24-77" failures="0" tests="1" name="com.simplilearn.Medicare.AppTest" time="51.585" errors="0" timestamp="2023-08-03T15:04:12 UTC" skipped="0">
  <testcase classname="com.simplilearn.Medicare.AppTest" name="test" time="51.585"/>
</testsuite> <!-- com.simplilearn.Medicare.AppTest -->
